20:23:36 **** Incremental Build of configuration Release for project miata_tem_nano ****
"D:\\sloeber_2019_esp32\\arduinoPlugin\\tools\\make\\make" all 
'Building target: miata_tem_nano'
'Printing size:'
"D:\sloeber_2019_esp32\arduinoPlugin\packages\arduino\tools\avr-gcc\5.4.0-atmel3.6.1-arduino2/bin/avr-size" -A "D:/sloeber_2019_esp32/miata_project/miata_tem_nano/Release/miata_tem_nano.elf"
D:/sloeber_2019_esp32/miata_project/miata_tem_nano/Release/miata_tem_nano.elf  :
section                     size      addr
.data                         80   8388864
.text                       7572         0
.bss                         224   8388944
.comment                      17         0
.note.gnu.avr.deviceinfo      64         0
.debug_aranges               272         0
.debug_info                11125         0
.debug_abbrev               3231         0
.debug_line                 4511         0
.debug_frame                 980         0
.debug_str                  2720         0
.debug_loc                  6021         0
.debug_ranges                160         0
Total                      36977


'Finished building target: miata_tem_nano'
' '

20:23:37 Build Finished. 0 errors, 0 warnings. (took 606ms)

