22:13:51 **** Build of configuration Release for project vdo_miata ****
"D:\\sloeber_2019_esp32\\arduinoPlugin\\tools\\make\\make" all 
'Building file: ..\main.cpp'
'Starting C++ compile'
"D:\sloeber_2019_esp32\arduinoPlugin\packages\arduino\tools\avr-gcc\5.4.0-atmel3.6.1-arduino2/bin/avr-g++" -c -g -Os -Wall -Wextra -std=gnu++11 -fpermissive -fno-exceptions -ffunction-sections -fdata-sections -fno-threadsafe-statics -Wno-error=narrowing -MMD -flto -mmcu=atmega328p -DF_CPU=16000000L -DARDUINO=10802 -DARDUINO_AVR_NANO -DARDUINO_ARCH_AVR     -I"D:\sloeber_2019_esp32\arduinoPlugin\packages\arduino\hardware\avr\1.6.23\cores\arduino" -I"D:\sloeber_2019_esp32\arduinoPlugin\packages\arduino\hardware\avr\1.6.23\variants\eightanaloginputs" -I"D:\sloeber_2019_esp32\arduinoPlugin\libraries\DHT\1.4.0" -I"D:\sloeber_2019_esp32\arduinoPlugin\packages\arduino\hardware\avr\1.6.23\libraries\SoftwareSerial\src" -I"D:\sloeber_2019_esp32\arduinoPlugin\libraries\ArduinoJson\src" -I"D:\sloeber_2019_esp32\arduinoPlugin\libraries\Adafruit_Sensor\1.4.0" -MMD -MP -MF"main.cpp.d" -MT"main.cpp.o" -D__IN_ECLIPSE__=1 -x c++ "..\main.cpp"  -o  "main.cpp.o"
'Finished building: ..\main.cpp'
' '
'Building file: D:\sloeber_2019_esp32\arduinoPlugin\packages\arduino\hardware\avr\1.6.23\libraries\SoftwareSerial\src\SoftwareSerial.cpp'
'Starting C++ compile'
"D:\sloeber_2019_esp32\arduinoPlugin\packages\arduino\tools\avr-gcc\5.4.0-atmel3.6.1-arduino2/bin/avr-g++" -c -g -Os -Wall -Wextra -std=gnu++11 -fpermissive -fno-exceptions -ffunction-sections -fdata-sections -fno-threadsafe-statics -Wno-error=narrowing -MMD -flto -mmcu=atmega328p -DF_CPU=16000000L -DARDUINO=10802 -DARDUINO_AVR_NANO -DARDUINO_ARCH_AVR     -I"D:\sloeber_2019_esp32\arduinoPlugin\packages\arduino\hardware\avr\1.6.23\cores\arduino" -I"D:\sloeber_2019_esp32\arduinoPlugin\packages\arduino\hardware\avr\1.6.23\variants\eightanaloginputs" -I"D:\sloeber_2019_esp32\arduinoPlugin\libraries\DHT\1.4.0" -I"D:\sloeber_2019_esp32\arduinoPlugin\packages\arduino\hardware\avr\1.6.23\libraries\SoftwareSerial\src" -I"D:\sloeber_2019_esp32\arduinoPlugin\libraries\ArduinoJson\src" -I"D:\sloeber_2019_esp32\arduinoPlugin\libraries\Adafruit_Sensor\1.4.0" -MMD -MP -MF"libraries\SoftwareSerial\src\SoftwareSerial.cpp.d" -MT"libraries\SoftwareSerial\src\SoftwareSerial.cpp.o" -D__IN_ECLIPSE__=1 -x c++ "D:\sloeber_2019_esp32\arduinoPlugin\packages\arduino\hardware\avr\1.6.23\libraries\SoftwareSerial\src\SoftwareSerial.cpp"  -o  "libraries\SoftwareSerial\src\SoftwareSerial.cpp.o"
In file included from D:\sloeber_2019_esp32\arduinoPlugin\packages\arduino\hardware\avr\1.6.23\variants\eightanaloginputs/pins_arduino.h:23:0,
                 from D:\sloeber_2019_esp32\arduinoPlugin\packages\arduino\hardware\avr\1.6.23\cores\arduino/Arduino.h:257,
                 from D:\sloeber_2019_esp32\arduinoPlugin\packages\arduino\hardware\avr\1.6.23\libraries\SoftwareSerial\src\SoftwareSerial.cpp:43:
D:\sloeber_2019_esp32\arduinoPlugin\packages\arduino\hardware\avr\1.6.23\libraries\SoftwareSerial\src\SoftwareSerial.cpp: In member function 'void SoftwareSerial::begin(long int)':
d:\sloeber_2019_esp32\arduinoplugin\packages\arduino\hardware\avr\1.6.23\variants\standard\pins_arduino.h:74:39: warning: comparison is always true due to limited range of data type [-Wtype-limits]
 #define digitalPinToPCICR(p)    (((p) >= 0 && (p) <= 21) ? (&PCICR) : ((uint8_t *)0))
                                       ^
D:\sloeber_2019_esp32\arduinoPlugin\packages\arduino\hardware\avr\1.6.23\libraries\SoftwareSerial\src\SoftwareSerial.cpp:319:7: note: in expansion of macro 'digitalPinToPCICR'
   if (digitalPinToPCICR(_receivePin)) {
       ^
d:\sloeber_2019_esp32\arduinoplugin\packages\arduino\hardware\avr\1.6.23\variants\standard\pins_arduino.h:74:39: warning: comparison is always true due to limited range of data type [-Wtype-limits]
 #define digitalPinToPCICR(p)    (((p) >= 0 && (p) <= 21) ? (&PCICR) : ((uint8_t *)0))
                                       ^
D:\sloeber_2019_esp32\arduinoPlugin\packages\arduino\hardware\avr\1.6.23\libraries\SoftwareSerial\src\SoftwareSerial.cpp:360:6: note: in expansion of macro 'digitalPinToPCICR'
     *digitalPinToPCICR(_receivePin) |= _BV(digitalPinToPCICRbit(_receivePin));
      ^
'Finished building: D:\sloeber_2019_esp32\arduinoPlugin\packages\arduino\hardware\avr\1.6.23\libraries\SoftwareSerial\src\SoftwareSerial.cpp'
' '
'Building file: D:\sloeber_2019_esp32\arduinoPlugin\libraries\DHT\1.4.0\DHT.cpp'
'Starting C++ compile'
"D:\sloeber_2019_esp32\arduinoPlugin\packages\arduino\tools\avr-gcc\5.4.0-atmel3.6.1-arduino2/bin/avr-g++" -c -g -Os -Wall -Wextra -std=gnu++11 -fpermissive -fno-exceptions -ffunction-sections -fdata-sections -fno-threadsafe-statics -Wno-error=narrowing -MMD -flto -mmcu=atmega328p -DF_CPU=16000000L -DARDUINO=10802 -DARDUINO_AVR_NANO -DARDUINO_ARCH_AVR     -I"D:\sloeber_2019_esp32\arduinoPlugin\packages\arduino\hardware\avr\1.6.23\cores\arduino" -I"D:\sloeber_2019_esp32\arduinoPlugin\packages\arduino\hardware\avr\1.6.23\variants\eightanaloginputs" -I"D:\sloeber_2019_esp32\arduinoPlugin\libraries\DHT\1.4.0" -I"D:\sloeber_2019_esp32\arduinoPlugin\packages\arduino\hardware\avr\1.6.23\libraries\SoftwareSerial\src" -I"D:\sloeber_2019_esp32\arduinoPlugin\libraries\ArduinoJson\src" -I"D:\sloeber_2019_esp32\arduinoPlugin\libraries\Adafruit_Sensor\1.4.0" -MMD -MP -MF"libraries\DHT\DHT.cpp.d" -MT"libraries\DHT\DHT.cpp.o" -D__IN_ECLIPSE__=1 -x c++ "D:\sloeber_2019_esp32\arduinoPlugin\libraries\DHT\1.4.0\DHT.cpp"  -o  "libraries\DHT\DHT.cpp.o"
'Finished building: D:\sloeber_2019_esp32\arduinoPlugin\libraries\DHT\1.4.0\DHT.cpp'
' '
'Building file: D:\sloeber_2019_esp32\arduinoPlugin\libraries\DHT\1.4.0\DHT_U.cpp'
'Starting C++ compile'
"D:\sloeber_2019_esp32\arduinoPlugin\packages\arduino\tools\avr-gcc\5.4.0-atmel3.6.1-arduino2/bin/avr-g++" -c -g -Os -Wall -Wextra -std=gnu++11 -fpermissive -fno-exceptions -ffunction-sections -fdata-sections -fno-threadsafe-statics -Wno-error=narrowing -MMD -flto -mmcu=atmega328p -DF_CPU=16000000L -DARDUINO=10802 -DARDUINO_AVR_NANO -DARDUINO_ARCH_AVR     -I"D:\sloeber_2019_esp32\arduinoPlugin\packages\arduino\hardware\avr\1.6.23\cores\arduino" -I"D:\sloeber_2019_esp32\arduinoPlugin\packages\arduino\hardware\avr\1.6.23\variants\eightanaloginputs" -I"D:\sloeber_2019_esp32\arduinoPlugin\libraries\DHT\1.4.0" -I"D:\sloeber_2019_esp32\arduinoPlugin\packages\arduino\hardware\avr\1.6.23\libraries\SoftwareSerial\src" -I"D:\sloeber_2019_esp32\arduinoPlugin\libraries\ArduinoJson\src" -I"D:\sloeber_2019_esp32\arduinoPlugin\libraries\Adafruit_Sensor\1.4.0" -MMD -MP -MF"libraries\DHT\DHT_U.cpp.d" -MT"libraries\DHT\DHT_U.cpp.o" -D__IN_ECLIPSE__=1 -x c++ "D:\sloeber_2019_esp32\arduinoPlugin\libraries\DHT\1.4.0\DHT_U.cpp"  -o  "libraries\DHT\DHT_U.cpp.o"
'Finished building: D:\sloeber_2019_esp32\arduinoPlugin\libraries\DHT\1.4.0\DHT_U.cpp'
' '
'Building file: D:\sloeber_2019_esp32\arduinoPlugin\libraries\Adafruit_Sensor\1.4.0\Adafruit_Sensor.cpp'
'Starting C++ compile'
"D:\sloeber_2019_esp32\arduinoPlugin\packages\arduino\tools\avr-gcc\5.4.0-atmel3.6.1-arduino2/bin/avr-g++" -c -g -Os -Wall -Wextra -std=gnu++11 -fpermissive -fno-exceptions -ffunction-sections -fdata-sections -fno-threadsafe-statics -Wno-error=narrowing -MMD -flto -mmcu=atmega328p -DF_CPU=16000000L -DARDUINO=10802 -DARDUINO_AVR_NANO -DARDUINO_ARCH_AVR     -I"D:\sloeber_2019_esp32\arduinoPlugin\packages\arduino\hardware\avr\1.6.23\cores\arduino" -I"D:\sloeber_2019_esp32\arduinoPlugin\packages\arduino\hardware\avr\1.6.23\variants\eightanaloginputs" -I"D:\sloeber_2019_esp32\arduinoPlugin\libraries\DHT\1.4.0" -I"D:\sloeber_2019_esp32\arduinoPlugin\packages\arduino\hardware\avr\1.6.23\libraries\SoftwareSerial\src" -I"D:\sloeber_2019_esp32\arduinoPlugin\libraries\ArduinoJson\src" -I"D:\sloeber_2019_esp32\arduinoPlugin\libraries\Adafruit_Sensor\1.4.0" -MMD -MP -MF"libraries\Adafruit_Sensor\Adafruit_Sensor.cpp.d" -MT"libraries\Adafruit_Sensor\Adafruit_Sensor.cpp.o" -D__IN_ECLIPSE__=1 -x c++ "D:\sloeber_2019_esp32\arduinoPlugin\libraries\Adafruit_Sensor\1.4.0\Adafruit_Sensor.cpp"  -o  "libraries\Adafruit_Sensor\Adafruit_Sensor.cpp.o"
'Finished building: D:\sloeber_2019_esp32\arduinoPlugin\libraries\Adafruit_Sensor\1.4.0\Adafruit_Sensor.cpp'
' '
'Building file: D:\sloeber_2019_esp32\arduinoPlugin\packages\arduino\hardware\avr\1.6.23\cores\arduino\CDC.cpp'
'Starting C++ compile'
"D:\sloeber_2019_esp32\arduinoPlugin\packages\arduino\tools\avr-gcc\5.4.0-atmel3.6.1-arduino2/bin/avr-g++" -c -g -Os -Wall -Wextra -std=gnu++11 -fpermissive -fno-exceptions -ffunction-sections -fdata-sections -fno-threadsafe-statics -Wno-error=narrowing -MMD -flto -mmcu=atmega328p -DF_CPU=16000000L -DARDUINO=10802 -DARDUINO_AVR_NANO -DARDUINO_ARCH_AVR     -I"D:\sloeber_2019_esp32\arduinoPlugin\packages\arduino\hardware\avr\1.6.23\cores\arduino" -I"D:\sloeber_2019_esp32\arduinoPlugin\packages\arduino\hardware\avr\1.6.23\variants\eightanaloginputs" -I"D:\sloeber_2019_esp32\arduinoPlugin\libraries\DHT\1.4.0" -I"D:\sloeber_2019_esp32\arduinoPlugin\packages\arduino\hardware\avr\1.6.23\libraries\SoftwareSerial\src" -I"D:\sloeber_2019_esp32\arduinoPlugin\libraries\ArduinoJson\src" -I"D:\sloeber_2019_esp32\arduinoPlugin\libraries\Adafruit_Sensor\1.4.0" -MMD -MP -MF"core\core\CDC.cpp.d" -MT"core\core\CDC.cpp.o" -D__IN_ECLIPSE__=1 -x c++ "D:\sloeber_2019_esp32\arduinoPlugin\packages\arduino\hardware\avr\1.6.23\cores\arduino\CDC.cpp"  -o  "core\core\CDC.cpp.o"
'Finished building: D:\sloeber_2019_esp32\arduinoPlugin\packages\arduino\hardware\avr\1.6.23\cores\arduino\CDC.cpp'
' '
'Building file: D:\sloeber_2019_esp32\arduinoPlugin\packages\arduino\hardware\avr\1.6.23\cores\arduino\HardwareSerial.cpp'
'Starting C++ compile'
"D:\sloeber_2019_esp32\arduinoPlugin\packages\arduino\tools\avr-gcc\5.4.0-atmel3.6.1-arduino2/bin/avr-g++" -c -g -Os -Wall -Wextra -std=gnu++11 -fpermissive -fno-exceptions -ffunction-sections -fdata-sections -fno-threadsafe-statics -Wno-error=narrowing -MMD -flto -mmcu=atmega328p -DF_CPU=16000000L -DARDUINO=10802 -DARDUINO_AVR_NANO -DARDUINO_ARCH_AVR     -I"D:\sloeber_2019_esp32\arduinoPlugin\packages\arduino\hardware\avr\1.6.23\cores\arduino" -I"D:\sloeber_2019_esp32\arduinoPlugin\packages\arduino\hardware\avr\1.6.23\variants\eightanaloginputs" -I"D:\sloeber_2019_esp32\arduinoPlugin\libraries\DHT\1.4.0" -I"D:\sloeber_2019_esp32\arduinoPlugin\packages\arduino\hardware\avr\1.6.23\libraries\SoftwareSerial\src" -I"D:\sloeber_2019_esp32\arduinoPlugin\libraries\ArduinoJson\src" -I"D:\sloeber_2019_esp32\arduinoPlugin\libraries\Adafruit_Sensor\1.4.0" -MMD -MP -MF"core\core\HardwareSerial.cpp.d" -MT"core\core\HardwareSerial.cpp.o" -D__IN_ECLIPSE__=1 -x c++ "D:\sloeber_2019_esp32\arduinoPlugin\packages\arduino\hardware\avr\1.6.23\cores\arduino\HardwareSerial.cpp"  -o  "core\core\HardwareSerial.cpp.o"
'Finished building: D:\sloeber_2019_esp32\arduinoPlugin\packages\arduino\hardware\avr\1.6.23\cores\arduino\HardwareSerial.cpp'
' '
'Building file: D:\sloeber_2019_esp32\arduinoPlugin\packages\arduino\hardware\avr\1.6.23\cores\arduino\HardwareSerial0.cpp'
'Starting C++ compile'
"D:\sloeber_2019_esp32\arduinoPlugin\packages\arduino\tools\avr-gcc\5.4.0-atmel3.6.1-arduino2/bin/avr-g++" -c -g -Os -Wall -Wextra -std=gnu++11 -fpermissive -fno-exceptions -ffunction-sections -fdata-sections -fno-threadsafe-statics -Wno-error=narrowing -MMD -flto -mmcu=atmega328p -DF_CPU=16000000L -DARDUINO=10802 -DARDUINO_AVR_NANO -DARDUINO_ARCH_AVR     -I"D:\sloeber_2019_esp32\arduinoPlugin\packages\arduino\hardware\avr\1.6.23\cores\arduino" -I"D:\sloeber_2019_esp32\arduinoPlugin\packages\arduino\hardware\avr\1.6.23\variants\eightanaloginputs" -I"D:\sloeber_2019_esp32\arduinoPlugin\libraries\DHT\1.4.0" -I"D:\sloeber_2019_esp32\arduinoPlugin\packages\arduino\hardware\avr\1.6.23\libraries\SoftwareSerial\src" -I"D:\sloeber_2019_esp32\arduinoPlugin\libraries\ArduinoJson\src" -I"D:\sloeber_2019_esp32\arduinoPlugin\libraries\Adafruit_Sensor\1.4.0" -MMD -MP -MF"core\core\HardwareSerial0.cpp.d" -MT"core\core\HardwareSerial0.cpp.o" -D__IN_ECLIPSE__=1 -x c++ "D:\sloeber_2019_esp32\arduinoPlugin\packages\arduino\hardware\avr\1.6.23\cores\arduino\HardwareSerial0.cpp"  -o  "core\core\HardwareSerial0.cpp.o"
'Finished building: D:\sloeber_2019_esp32\arduinoPlugin\packages\arduino\hardware\avr\1.6.23\cores\arduino\HardwareSerial0.cpp'
' '
'Building file: D:\sloeber_2019_esp32\arduinoPlugin\packages\arduino\hardware\avr\1.6.23\cores\arduino\HardwareSerial1.cpp'
'Starting C++ compile'
"D:\sloeber_2019_esp32\arduinoPlugin\packages\arduino\tools\avr-gcc\5.4.0-atmel3.6.1-arduino2/bin/avr-g++" -c -g -Os -Wall -Wextra -std=gnu++11 -fpermissive -fno-exceptions -ffunction-sections -fdata-sections -fno-threadsafe-statics -Wno-error=narrowing -MMD -flto -mmcu=atmega328p -DF_CPU=16000000L -DARDUINO=10802 -DARDUINO_AVR_NANO -DARDUINO_ARCH_AVR     -I"D:\sloeber_2019_esp32\arduinoPlugin\packages\arduino\hardware\avr\1.6.23\cores\arduino" -I"D:\sloeber_2019_esp32\arduinoPlugin\packages\arduino\hardware\avr\1.6.23\variants\eightanaloginputs" -I"D:\sloeber_2019_esp32\arduinoPlugin\libraries\DHT\1.4.0" -I"D:\sloeber_2019_esp32\arduinoPlugin\packages\arduino\hardware\avr\1.6.23\libraries\SoftwareSerial\src" -I"D:\sloeber_2019_esp32\arduinoPlugin\libraries\ArduinoJson\src" -I"D:\sloeber_2019_esp32\arduinoPlugin\libraries\Adafruit_Sensor\1.4.0" -MMD -MP -MF"core\core\HardwareSerial1.cpp.d" -MT"core\core\HardwareSerial1.cpp.o" -D__IN_ECLIPSE__=1 -x c++ "D:\sloeber_2019_esp32\arduinoPlugin\packages\arduino\hardware\avr\1.6.23\cores\arduino\HardwareSerial1.cpp"  -o  "core\core\HardwareSerial1.cpp.o"
'Finished building: D:\sloeber_2019_esp32\arduinoPlugin\packages\arduino\hardware\avr\1.6.23\cores\arduino\HardwareSerial1.cpp'
' '
'Building file: D:\sloeber_2019_esp32\arduinoPlugin\packages\arduino\hardware\avr\1.6.23\cores\arduino\HardwareSerial2.cpp'
'Starting C++ compile'
"D:\sloeber_2019_esp32\arduinoPlugin\packages\arduino\tools\avr-gcc\5.4.0-atmel3.6.1-arduino2/bin/avr-g++" -c -g -Os -Wall -Wextra -std=gnu++11 -fpermissive -fno-exceptions -ffunction-sections -fdata-sections -fno-threadsafe-statics -Wno-error=narrowing -MMD -flto -mmcu=atmega328p -DF_CPU=16000000L -DARDUINO=10802 -DARDUINO_AVR_NANO -DARDUINO_ARCH_AVR     -I"D:\sloeber_2019_esp32\arduinoPlugin\packages\arduino\hardware\avr\1.6.23\cores\arduino" -I"D:\sloeber_2019_esp32\arduinoPlugin\packages\arduino\hardware\avr\1.6.23\variants\eightanaloginputs" -I"D:\sloeber_2019_esp32\arduinoPlugin\libraries\DHT\1.4.0" -I"D:\sloeber_2019_esp32\arduinoPlugin\packages\arduino\hardware\avr\1.6.23\libraries\SoftwareSerial\src" -I"D:\sloeber_2019_esp32\arduinoPlugin\libraries\ArduinoJson\src" -I"D:\sloeber_2019_esp32\arduinoPlugin\libraries\Adafruit_Sensor\1.4.0" -MMD -MP -MF"core\core\HardwareSerial2.cpp.d" -MT"core\core\HardwareSerial2.cpp.o" -D__IN_ECLIPSE__=1 -x c++ "D:\sloeber_2019_esp32\arduinoPlugin\packages\arduino\hardware\avr\1.6.23\cores\arduino\HardwareSerial2.cpp"  -o  "core\core\HardwareSerial2.cpp.o"
'Finished building: D:\sloeber_2019_esp32\arduinoPlugin\packages\arduino\hardware\avr\1.6.23\cores\arduino\HardwareSerial2.cpp'
' '
'Building file: D:\sloeber_2019_esp32\arduinoPlugin\packages\arduino\hardware\avr\1.6.23\cores\arduino\HardwareSerial3.cpp'
'Starting C++ compile'
"D:\sloeber_2019_esp32\arduinoPlugin\packages\arduino\tools\avr-gcc\5.4.0-atmel3.6.1-arduino2/bin/avr-g++" -c -g -Os -Wall -Wextra -std=gnu++11 -fpermissive -fno-exceptions -ffunction-sections -fdata-sections -fno-threadsafe-statics -Wno-error=narrowing -MMD -flto -mmcu=atmega328p -DF_CPU=16000000L -DARDUINO=10802 -DARDUINO_AVR_NANO -DARDUINO_ARCH_AVR     -I"D:\sloeber_2019_esp32\arduinoPlugin\packages\arduino\hardware\avr\1.6.23\cores\arduino" -I"D:\sloeber_2019_esp32\arduinoPlugin\packages\arduino\hardware\avr\1.6.23\variants\eightanaloginputs" -I"D:\sloeber_2019_esp32\arduinoPlugin\libraries\DHT\1.4.0" -I"D:\sloeber_2019_esp32\arduinoPlugin\packages\arduino\hardware\avr\1.6.23\libraries\SoftwareSerial\src" -I"D:\sloeber_2019_esp32\arduinoPlugin\libraries\ArduinoJson\src" -I"D:\sloeber_2019_esp32\arduinoPlugin\libraries\Adafruit_Sensor\1.4.0" -MMD -MP -MF"core\core\HardwareSerial3.cpp.d" -MT"core\core\HardwareSerial3.cpp.o" -D__IN_ECLIPSE__=1 -x c++ "D:\sloeber_2019_esp32\arduinoPlugin\packages\arduino\hardware\avr\1.6.23\cores\arduino\HardwareSerial3.cpp"  -o  "core\core\HardwareSerial3.cpp.o"
'Finished building: D:\sloeber_2019_esp32\arduinoPlugin\packages\arduino\hardware\avr\1.6.23\cores\arduino\HardwareSerial3.cpp'
' '
'Building file: D:\sloeber_2019_esp32\arduinoPlugin\packages\arduino\hardware\avr\1.6.23\cores\arduino\IPAddress.cpp'
'Starting C++ compile'
"D:\sloeber_2019_esp32\arduinoPlugin\packages\arduino\tools\avr-gcc\5.4.0-atmel3.6.1-arduino2/bin/avr-g++" -c -g -Os -Wall -Wextra -std=gnu++11 -fpermissive -fno-exceptions -ffunction-sections -fdata-sections -fno-threadsafe-statics -Wno-error=narrowing -MMD -flto -mmcu=atmega328p -DF_CPU=16000000L -DARDUINO=10802 -DARDUINO_AVR_NANO -DARDUINO_ARCH_AVR     -I"D:\sloeber_2019_esp32\arduinoPlugin\packages\arduino\hardware\avr\1.6.23\cores\arduino" -I"D:\sloeber_2019_esp32\arduinoPlugin\packages\arduino\hardware\avr\1.6.23\variants\eightanaloginputs" -I"D:\sloeber_2019_esp32\arduinoPlugin\libraries\DHT\1.4.0" -I"D:\sloeber_2019_esp32\arduinoPlugin\packages\arduino\hardware\avr\1.6.23\libraries\SoftwareSerial\src" -I"D:\sloeber_2019_esp32\arduinoPlugin\libraries\ArduinoJson\src" -I"D:\sloeber_2019_esp32\arduinoPlugin\libraries\Adafruit_Sensor\1.4.0" -MMD -MP -MF"core\core\IPAddress.cpp.d" -MT"core\core\IPAddress.cpp.o" -D__IN_ECLIPSE__=1 -x c++ "D:\sloeber_2019_esp32\arduinoPlugin\packages\arduino\hardware\avr\1.6.23\cores\arduino\IPAddress.cpp"  -o  "core\core\IPAddress.cpp.o"
'Finished building: D:\sloeber_2019_esp32\arduinoPlugin\packages\arduino\hardware\avr\1.6.23\cores\arduino\IPAddress.cpp'
' '
'Building file: D:\sloeber_2019_esp32\arduinoPlugin\packages\arduino\hardware\avr\1.6.23\cores\arduino\PluggableUSB.cpp'
'Starting C++ compile'
"D:\sloeber_2019_esp32\arduinoPlugin\packages\arduino\tools\avr-gcc\5.4.0-atmel3.6.1-arduino2/bin/avr-g++" -c -g -Os -Wall -Wextra -std=gnu++11 -fpermissive -fno-exceptions -ffunction-sections -fdata-sections -fno-threadsafe-statics -Wno-error=narrowing -MMD -flto -mmcu=atmega328p -DF_CPU=16000000L -DARDUINO=10802 -DARDUINO_AVR_NANO -DARDUINO_ARCH_AVR     -I"D:\sloeber_2019_esp32\arduinoPlugin\packages\arduino\hardware\avr\1.6.23\cores\arduino" -I"D:\sloeber_2019_esp32\arduinoPlugin\packages\arduino\hardware\avr\1.6.23\variants\eightanaloginputs" -I"D:\sloeber_2019_esp32\arduinoPlugin\libraries\DHT\1.4.0" -I"D:\sloeber_2019_esp32\arduinoPlugin\packages\arduino\hardware\avr\1.6.23\libraries\SoftwareSerial\src" -I"D:\sloeber_2019_esp32\arduinoPlugin\libraries\ArduinoJson\src" -I"D:\sloeber_2019_esp32\arduinoPlugin\libraries\Adafruit_Sensor\1.4.0" -MMD -MP -MF"core\core\PluggableUSB.cpp.d" -MT"core\core\PluggableUSB.cpp.o" -D__IN_ECLIPSE__=1 -x c++ "D:\sloeber_2019_esp32\arduinoPlugin\packages\arduino\hardware\avr\1.6.23\cores\arduino\PluggableUSB.cpp"  -o  "core\core\PluggableUSB.cpp.o"
'Finished building: D:\sloeber_2019_esp32\arduinoPlugin\packages\arduino\hardware\avr\1.6.23\cores\arduino\PluggableUSB.cpp'
' '
'Building file: D:\sloeber_2019_esp32\arduinoPlugin\packages\arduino\hardware\avr\1.6.23\cores\arduino\Print.cpp'
'Starting C++ compile'
"D:\sloeber_2019_esp32\arduinoPlugin\packages\arduino\tools\avr-gcc\5.4.0-atmel3.6.1-arduino2/bin/avr-g++" -c -g -Os -Wall -Wextra -std=gnu++11 -fpermissive -fno-exceptions -ffunction-sections -fdata-sections -fno-threadsafe-statics -Wno-error=narrowing -MMD -flto -mmcu=atmega328p -DF_CPU=16000000L -DARDUINO=10802 -DARDUINO_AVR_NANO -DARDUINO_ARCH_AVR     -I"D:\sloeber_2019_esp32\arduinoPlugin\packages\arduino\hardware\avr\1.6.23\cores\arduino" -I"D:\sloeber_2019_esp32\arduinoPlugin\packages\arduino\hardware\avr\1.6.23\variants\eightanaloginputs" -I"D:\sloeber_2019_esp32\arduinoPlugin\libraries\DHT\1.4.0" -I"D:\sloeber_2019_esp32\arduinoPlugin\packages\arduino\hardware\avr\1.6.23\libraries\SoftwareSerial\src" -I"D:\sloeber_2019_esp32\arduinoPlugin\libraries\ArduinoJson\src" -I"D:\sloeber_2019_esp32\arduinoPlugin\libraries\Adafruit_Sensor\1.4.0" -MMD -MP -MF"core\core\Print.cpp.d" -MT"core\core\Print.cpp.o" -D__IN_ECLIPSE__=1 -x c++ "D:\sloeber_2019_esp32\arduinoPlugin\packages\arduino\hardware\avr\1.6.23\cores\arduino\Print.cpp"  -o  "core\core\Print.cpp.o"
'Finished building: D:\sloeber_2019_esp32\arduinoPlugin\packages\arduino\hardware\avr\1.6.23\cores\arduino\Print.cpp'
' '
'Building file: D:\sloeber_2019_esp32\arduinoPlugin\packages\arduino\hardware\avr\1.6.23\cores\arduino\Stream.cpp'
'Starting C++ compile'
"D:\sloeber_2019_esp32\arduinoPlugin\packages\arduino\tools\avr-gcc\5.4.0-atmel3.6.1-arduino2/bin/avr-g++" -c -g -Os -Wall -Wextra -std=gnu++11 -fpermissive -fno-exceptions -ffunction-sections -fdata-sections -fno-threadsafe-statics -Wno-error=narrowing -MMD -flto -mmcu=atmega328p -DF_CPU=16000000L -DARDUINO=10802 -DARDUINO_AVR_NANO -DARDUINO_ARCH_AVR     -I"D:\sloeber_2019_esp32\arduinoPlugin\packages\arduino\hardware\avr\1.6.23\cores\arduino" -I"D:\sloeber_2019_esp32\arduinoPlugin\packages\arduino\hardware\avr\1.6.23\variants\eightanaloginputs" -I"D:\sloeber_2019_esp32\arduinoPlugin\libraries\DHT\1.4.0" -I"D:\sloeber_2019_esp32\arduinoPlugin\packages\arduino\hardware\avr\1.6.23\libraries\SoftwareSerial\src" -I"D:\sloeber_2019_esp32\arduinoPlugin\libraries\ArduinoJson\src" -I"D:\sloeber_2019_esp32\arduinoPlugin\libraries\Adafruit_Sensor\1.4.0" -MMD -MP -MF"core\core\Stream.cpp.d" -MT"core\core\Stream.cpp.o" -D__IN_ECLIPSE__=1 -x c++ "D:\sloeber_2019_esp32\arduinoPlugin\packages\arduino\hardware\avr\1.6.23\cores\arduino\Stream.cpp"  -o  "core\core\Stream.cpp.o"
'Finished building: D:\sloeber_2019_esp32\arduinoPlugin\packages\arduino\hardware\avr\1.6.23\cores\arduino\Stream.cpp'
' '
'Building file: D:\sloeber_2019_esp32\arduinoPlugin\packages\arduino\hardware\avr\1.6.23\cores\arduino\Tone.cpp'
'Starting C++ compile'
"D:\sloeber_2019_esp32\arduinoPlugin\packages\arduino\tools\avr-gcc\5.4.0-atmel3.6.1-arduino2/bin/avr-g++" -c -g -Os -Wall -Wextra -std=gnu++11 -fpermissive -fno-exceptions -ffunction-sections -fdata-sections -fno-threadsafe-statics -Wno-error=narrowing -MMD -flto -mmcu=atmega328p -DF_CPU=16000000L -DARDUINO=10802 -DARDUINO_AVR_NANO -DARDUINO_ARCH_AVR     -I"D:\sloeber_2019_esp32\arduinoPlugin\packages\arduino\hardware\avr\1.6.23\cores\arduino" -I"D:\sloeber_2019_esp32\arduinoPlugin\packages\arduino\hardware\avr\1.6.23\variants\eightanaloginputs" -I"D:\sloeber_2019_esp32\arduinoPlugin\libraries\DHT\1.4.0" -I"D:\sloeber_2019_esp32\arduinoPlugin\packages\arduino\hardware\avr\1.6.23\libraries\SoftwareSerial\src" -I"D:\sloeber_2019_esp32\arduinoPlugin\libraries\ArduinoJson\src" -I"D:\sloeber_2019_esp32\arduinoPlugin\libraries\Adafruit_Sensor\1.4.0" -MMD -MP -MF"core\core\Tone.cpp.d" -MT"core\core\Tone.cpp.o" -D__IN_ECLIPSE__=1 -x c++ "D:\sloeber_2019_esp32\arduinoPlugin\packages\arduino\hardware\avr\1.6.23\cores\arduino\Tone.cpp"  -o  "core\core\Tone.cpp.o"
'Finished building: D:\sloeber_2019_esp32\arduinoPlugin\packages\arduino\hardware\avr\1.6.23\cores\arduino\Tone.cpp'
' '
'Building file: D:\sloeber_2019_esp32\arduinoPlugin\packages\arduino\hardware\avr\1.6.23\cores\arduino\USBCore.cpp'
'Starting C++ compile'
"D:\sloeber_2019_esp32\arduinoPlugin\packages\arduino\tools\avr-gcc\5.4.0-atmel3.6.1-arduino2/bin/avr-g++" -c -g -Os -Wall -Wextra -std=gnu++11 -fpermissive -fno-exceptions -ffunction-sections -fdata-sections -fno-threadsafe-statics -Wno-error=narrowing -MMD -flto -mmcu=atmega328p -DF_CPU=16000000L -DARDUINO=10802 -DARDUINO_AVR_NANO -DARDUINO_ARCH_AVR     -I"D:\sloeber_2019_esp32\arduinoPlugin\packages\arduino\hardware\avr\1.6.23\cores\arduino" -I"D:\sloeber_2019_esp32\arduinoPlugin\packages\arduino\hardware\avr\1.6.23\variants\eightanaloginputs" -I"D:\sloeber_2019_esp32\arduinoPlugin\libraries\DHT\1.4.0" -I"D:\sloeber_2019_esp32\arduinoPlugin\packages\arduino\hardware\avr\1.6.23\libraries\SoftwareSerial\src" -I"D:\sloeber_2019_esp32\arduinoPlugin\libraries\ArduinoJson\src" -I"D:\sloeber_2019_esp32\arduinoPlugin\libraries\Adafruit_Sensor\1.4.0" -MMD -MP -MF"core\core\USBCore.cpp.d" -MT"core\core\USBCore.cpp.o" -D__IN_ECLIPSE__=1 -x c++ "D:\sloeber_2019_esp32\arduinoPlugin\packages\arduino\hardware\avr\1.6.23\cores\arduino\USBCore.cpp"  -o  "core\core\USBCore.cpp.o"
'Finished building: D:\sloeber_2019_esp32\arduinoPlugin\packages\arduino\hardware\avr\1.6.23\cores\arduino\USBCore.cpp'
' '
'Building file: D:\sloeber_2019_esp32\arduinoPlugin\packages\arduino\hardware\avr\1.6.23\cores\arduino\WInterrupts.c'
'Starting C compile'
"D:\sloeber_2019_esp32\arduinoPlugin\packages\arduino\tools\avr-gcc\5.4.0-atmel3.6.1-arduino2/bin/avr-gcc" -c -g -Os -Wall -Wextra -std=gnu11 -ffunction-sections -fdata-sections -MMD -flto -fno-fat-lto-objects -mmcu=atmega328p -DF_CPU=16000000L -DARDUINO=10802 -DARDUINO_AVR_NANO -DARDUINO_ARCH_AVR     -I"D:\sloeber_2019_esp32\arduinoPlugin\packages\arduino\hardware\avr\1.6.23\cores\arduino" -I"D:\sloeber_2019_esp32\arduinoPlugin\packages\arduino\hardware\avr\1.6.23\variants\eightanaloginputs" -I"D:\sloeber_2019_esp32\arduinoPlugin\libraries\DHT\1.4.0" -I"D:\sloeber_2019_esp32\arduinoPlugin\packages\arduino\hardware\avr\1.6.23\libraries\SoftwareSerial\src" -I"D:\sloeber_2019_esp32\arduinoPlugin\libraries\ArduinoJson\src" -I"D:\sloeber_2019_esp32\arduinoPlugin\libraries\Adafruit_Sensor\1.4.0" -MMD -MP -MF"core\core\WInterrupts.c.d" -MT"core\core\WInterrupts.c.o" -D__IN_ECLIPSE__=1 "D:\sloeber_2019_esp32\arduinoPlugin\packages\arduino\hardware\avr\1.6.23\cores\arduino\WInterrupts.c"  -o  "core\core\WInterrupts.c.o"
'Finished building: D:\sloeber_2019_esp32\arduinoPlugin\packages\arduino\hardware\avr\1.6.23\cores\arduino\WInterrupts.c'
' '
'Building file: D:\sloeber_2019_esp32\arduinoPlugin\packages\arduino\hardware\avr\1.6.23\cores\arduino\WMath.cpp'
'Starting C++ compile'
"D:\sloeber_2019_esp32\arduinoPlugin\packages\arduino\tools\avr-gcc\5.4.0-atmel3.6.1-arduino2/bin/avr-g++" -c -g -Os -Wall -Wextra -std=gnu++11 -fpermissive -fno-exceptions -ffunction-sections -fdata-sections -fno-threadsafe-statics -Wno-error=narrowing -MMD -flto -mmcu=atmega328p -DF_CPU=16000000L -DARDUINO=10802 -DARDUINO_AVR_NANO -DARDUINO_ARCH_AVR     -I"D:\sloeber_2019_esp32\arduinoPlugin\packages\arduino\hardware\avr\1.6.23\cores\arduino" -I"D:\sloeber_2019_esp32\arduinoPlugin\packages\arduino\hardware\avr\1.6.23\variants\eightanaloginputs" -I"D:\sloeber_2019_esp32\arduinoPlugin\libraries\DHT\1.4.0" -I"D:\sloeber_2019_esp32\arduinoPlugin\packages\arduino\hardware\avr\1.6.23\libraries\SoftwareSerial\src" -I"D:\sloeber_2019_esp32\arduinoPlugin\libraries\ArduinoJson\src" -I"D:\sloeber_2019_esp32\arduinoPlugin\libraries\Adafruit_Sensor\1.4.0" -MMD -MP -MF"core\core\WMath.cpp.d" -MT"core\core\WMath.cpp.o" -D__IN_ECLIPSE__=1 -x c++ "D:\sloeber_2019_esp32\arduinoPlugin\packages\arduino\hardware\avr\1.6.23\cores\arduino\WMath.cpp"  -o  "core\core\WMath.cpp.o"
'Finished building: D:\sloeber_2019_esp32\arduinoPlugin\packages\arduino\hardware\avr\1.6.23\cores\arduino\WMath.cpp'
' '
'Building file: D:\sloeber_2019_esp32\arduinoPlugin\packages\arduino\hardware\avr\1.6.23\cores\arduino\WString.cpp'
'Starting C++ compile'
"D:\sloeber_2019_esp32\arduinoPlugin\packages\arduino\tools\avr-gcc\5.4.0-atmel3.6.1-arduino2/bin/avr-g++" -c -g -Os -Wall -Wextra -std=gnu++11 -fpermissive -fno-exceptions -ffunction-sections -fdata-sections -fno-threadsafe-statics -Wno-error=narrowing -MMD -flto -mmcu=atmega328p -DF_CPU=16000000L -DARDUINO=10802 -DARDUINO_AVR_NANO -DARDUINO_ARCH_AVR     -I"D:\sloeber_2019_esp32\arduinoPlugin\packages\arduino\hardware\avr\1.6.23\cores\arduino" -I"D:\sloeber_2019_esp32\arduinoPlugin\packages\arduino\hardware\avr\1.6.23\variants\eightanaloginputs" -I"D:\sloeber_2019_esp32\arduinoPlugin\libraries\DHT\1.4.0" -I"D:\sloeber_2019_esp32\arduinoPlugin\packages\arduino\hardware\avr\1.6.23\libraries\SoftwareSerial\src" -I"D:\sloeber_2019_esp32\arduinoPlugin\libraries\ArduinoJson\src" -I"D:\sloeber_2019_esp32\arduinoPlugin\libraries\Adafruit_Sensor\1.4.0" -MMD -MP -MF"core\core\WString.cpp.d" -MT"core\core\WString.cpp.o" -D__IN_ECLIPSE__=1 -x c++ "D:\sloeber_2019_esp32\arduinoPlugin\packages\arduino\hardware\avr\1.6.23\cores\arduino\WString.cpp"  -o  "core\core\WString.cpp.o"
'Finished building: D:\sloeber_2019_esp32\arduinoPlugin\packages\arduino\hardware\avr\1.6.23\cores\arduino\WString.cpp'
' '
'Building file: D:\sloeber_2019_esp32\arduinoPlugin\packages\arduino\hardware\avr\1.6.23\cores\arduino\abi.cpp'
'Starting C++ compile'
"D:\sloeber_2019_esp32\arduinoPlugin\packages\arduino\tools\avr-gcc\5.4.0-atmel3.6.1-arduino2/bin/avr-g++" -c -g -Os -Wall -Wextra -std=gnu++11 -fpermissive -fno-exceptions -ffunction-sections -fdata-sections -fno-threadsafe-statics -Wno-error=narrowing -MMD -flto -mmcu=atmega328p -DF_CPU=16000000L -DARDUINO=10802 -DARDUINO_AVR_NANO -DARDUINO_ARCH_AVR     -I"D:\sloeber_2019_esp32\arduinoPlugin\packages\arduino\hardware\avr\1.6.23\cores\arduino" -I"D:\sloeber_2019_esp32\arduinoPlugin\packages\arduino\hardware\avr\1.6.23\variants\eightanaloginputs" -I"D:\sloeber_2019_esp32\arduinoPlugin\libraries\DHT\1.4.0" -I"D:\sloeber_2019_esp32\arduinoPlugin\packages\arduino\hardware\avr\1.6.23\libraries\SoftwareSerial\src" -I"D:\sloeber_2019_esp32\arduinoPlugin\libraries\ArduinoJson\src" -I"D:\sloeber_2019_esp32\arduinoPlugin\libraries\Adafruit_Sensor\1.4.0" -MMD -MP -MF"core\core\abi.cpp.d" -MT"core\core\abi.cpp.o" -D__IN_ECLIPSE__=1 -x c++ "D:\sloeber_2019_esp32\arduinoPlugin\packages\arduino\hardware\avr\1.6.23\cores\arduino\abi.cpp"  -o  "core\core\abi.cpp.o"
'Finished building: D:\sloeber_2019_esp32\arduinoPlugin\packages\arduino\hardware\avr\1.6.23\cores\arduino\abi.cpp'
' '
'Building file: D:\sloeber_2019_esp32\arduinoPlugin\packages\arduino\hardware\avr\1.6.23\cores\arduino\hooks.c'
'Starting C compile'
"D:\sloeber_2019_esp32\arduinoPlugin\packages\arduino\tools\avr-gcc\5.4.0-atmel3.6.1-arduino2/bin/avr-gcc" -c -g -Os -Wall -Wextra -std=gnu11 -ffunction-sections -fdata-sections -MMD -flto -fno-fat-lto-objects -mmcu=atmega328p -DF_CPU=16000000L -DARDUINO=10802 -DARDUINO_AVR_NANO -DARDUINO_ARCH_AVR     -I"D:\sloeber_2019_esp32\arduinoPlugin\packages\arduino\hardware\avr\1.6.23\cores\arduino" -I"D:\sloeber_2019_esp32\arduinoPlugin\packages\arduino\hardware\avr\1.6.23\variants\eightanaloginputs" -I"D:\sloeber_2019_esp32\arduinoPlugin\libraries\DHT\1.4.0" -I"D:\sloeber_2019_esp32\arduinoPlugin\packages\arduino\hardware\avr\1.6.23\libraries\SoftwareSerial\src" -I"D:\sloeber_2019_esp32\arduinoPlugin\libraries\ArduinoJson\src" -I"D:\sloeber_2019_esp32\arduinoPlugin\libraries\Adafruit_Sensor\1.4.0" -MMD -MP -MF"core\core\hooks.c.d" -MT"core\core\hooks.c.o" -D__IN_ECLIPSE__=1 "D:\sloeber_2019_esp32\arduinoPlugin\packages\arduino\hardware\avr\1.6.23\cores\arduino\hooks.c"  -o  "core\core\hooks.c.o"
'Finished building: D:\sloeber_2019_esp32\arduinoPlugin\packages\arduino\hardware\avr\1.6.23\cores\arduino\hooks.c'
' '
'Building file: D:\sloeber_2019_esp32\arduinoPlugin\packages\arduino\hardware\avr\1.6.23\cores\arduino\main.cpp'
'Starting C++ compile'
"D:\sloeber_2019_esp32\arduinoPlugin\packages\arduino\tools\avr-gcc\5.4.0-atmel3.6.1-arduino2/bin/avr-g++" -c -g -Os -Wall -Wextra -std=gnu++11 -fpermissive -fno-exceptions -ffunction-sections -fdata-sections -fno-threadsafe-statics -Wno-error=narrowing -MMD -flto -mmcu=atmega328p -DF_CPU=16000000L -DARDUINO=10802 -DARDUINO_AVR_NANO -DARDUINO_ARCH_AVR     -I"D:\sloeber_2019_esp32\arduinoPlugin\packages\arduino\hardware\avr\1.6.23\cores\arduino" -I"D:\sloeber_2019_esp32\arduinoPlugin\packages\arduino\hardware\avr\1.6.23\variants\eightanaloginputs" -I"D:\sloeber_2019_esp32\arduinoPlugin\libraries\DHT\1.4.0" -I"D:\sloeber_2019_esp32\arduinoPlugin\packages\arduino\hardware\avr\1.6.23\libraries\SoftwareSerial\src" -I"D:\sloeber_2019_esp32\arduinoPlugin\libraries\ArduinoJson\src" -I"D:\sloeber_2019_esp32\arduinoPlugin\libraries\Adafruit_Sensor\1.4.0" -MMD -MP -MF"core\core\main.cpp.d" -MT"core\core\main.cpp.o" -D__IN_ECLIPSE__=1 -x c++ "D:\sloeber_2019_esp32\arduinoPlugin\packages\arduino\hardware\avr\1.6.23\cores\arduino\main.cpp"  -o  "core\core\main.cpp.o"
'Finished building: D:\sloeber_2019_esp32\arduinoPlugin\packages\arduino\hardware\avr\1.6.23\cores\arduino\main.cpp'
' '
'Building file: D:\sloeber_2019_esp32\arduinoPlugin\packages\arduino\hardware\avr\1.6.23\cores\arduino\new.cpp'
'Starting C++ compile'
"D:\sloeber_2019_esp32\arduinoPlugin\packages\arduino\tools\avr-gcc\5.4.0-atmel3.6.1-arduino2/bin/avr-g++" -c -g -Os -Wall -Wextra -std=gnu++11 -fpermissive -fno-exceptions -ffunction-sections -fdata-sections -fno-threadsafe-statics -Wno-error=narrowing -MMD -flto -mmcu=atmega328p -DF_CPU=16000000L -DARDUINO=10802 -DARDUINO_AVR_NANO -DARDUINO_ARCH_AVR     -I"D:\sloeber_2019_esp32\arduinoPlugin\packages\arduino\hardware\avr\1.6.23\cores\arduino" -I"D:\sloeber_2019_esp32\arduinoPlugin\packages\arduino\hardware\avr\1.6.23\variants\eightanaloginputs" -I"D:\sloeber_2019_esp32\arduinoPlugin\libraries\DHT\1.4.0" -I"D:\sloeber_2019_esp32\arduinoPlugin\packages\arduino\hardware\avr\1.6.23\libraries\SoftwareSerial\src" -I"D:\sloeber_2019_esp32\arduinoPlugin\libraries\ArduinoJson\src" -I"D:\sloeber_2019_esp32\arduinoPlugin\libraries\Adafruit_Sensor\1.4.0" -MMD -MP -MF"core\core\new.cpp.d" -MT"core\core\new.cpp.o" -D__IN_ECLIPSE__=1 -x c++ "D:\sloeber_2019_esp32\arduinoPlugin\packages\arduino\hardware\avr\1.6.23\cores\arduino\new.cpp"  -o  "core\core\new.cpp.o"
'Finished building: D:\sloeber_2019_esp32\arduinoPlugin\packages\arduino\hardware\avr\1.6.23\cores\arduino\new.cpp'
' '
'Building file: D:\sloeber_2019_esp32\arduinoPlugin\packages\arduino\hardware\avr\1.6.23\cores\arduino\wiring.c'
'Starting C compile'
"D:\sloeber_2019_esp32\arduinoPlugin\packages\arduino\tools\avr-gcc\5.4.0-atmel3.6.1-arduino2/bin/avr-gcc" -c -g -Os -Wall -Wextra -std=gnu11 -ffunction-sections -fdata-sections -MMD -flto -fno-fat-lto-objects -mmcu=atmega328p -DF_CPU=16000000L -DARDUINO=10802 -DARDUINO_AVR_NANO -DARDUINO_ARCH_AVR     -I"D:\sloeber_2019_esp32\arduinoPlugin\packages\arduino\hardware\avr\1.6.23\cores\arduino" -I"D:\sloeber_2019_esp32\arduinoPlugin\packages\arduino\hardware\avr\1.6.23\variants\eightanaloginputs" -I"D:\sloeber_2019_esp32\arduinoPlugin\libraries\DHT\1.4.0" -I"D:\sloeber_2019_esp32\arduinoPlugin\packages\arduino\hardware\avr\1.6.23\libraries\SoftwareSerial\src" -I"D:\sloeber_2019_esp32\arduinoPlugin\libraries\ArduinoJson\src" -I"D:\sloeber_2019_esp32\arduinoPlugin\libraries\Adafruit_Sensor\1.4.0" -MMD -MP -MF"core\core\wiring.c.d" -MT"core\core\wiring.c.o" -D__IN_ECLIPSE__=1 "D:\sloeber_2019_esp32\arduinoPlugin\packages\arduino\hardware\avr\1.6.23\cores\arduino\wiring.c"  -o  "core\core\wiring.c.o"
'Finished building: D:\sloeber_2019_esp32\arduinoPlugin\packages\arduino\hardware\avr\1.6.23\cores\arduino\wiring.c'
' '
'Building file: D:\sloeber_2019_esp32\arduinoPlugin\packages\arduino\hardware\avr\1.6.23\cores\arduino\wiring_analog.c'
'Starting C compile'
"D:\sloeber_2019_esp32\arduinoPlugin\packages\arduino\tools\avr-gcc\5.4.0-atmel3.6.1-arduino2/bin/avr-gcc" -c -g -Os -Wall -Wextra -std=gnu11 -ffunction-sections -fdata-sections -MMD -flto -fno-fat-lto-objects -mmcu=atmega328p -DF_CPU=16000000L -DARDUINO=10802 -DARDUINO_AVR_NANO -DARDUINO_ARCH_AVR     -I"D:\sloeber_2019_esp32\arduinoPlugin\packages\arduino\hardware\avr\1.6.23\cores\arduino" -I"D:\sloeber_2019_esp32\arduinoPlugin\packages\arduino\hardware\avr\1.6.23\variants\eightanaloginputs" -I"D:\sloeber_2019_esp32\arduinoPlugin\libraries\DHT\1.4.0" -I"D:\sloeber_2019_esp32\arduinoPlugin\packages\arduino\hardware\avr\1.6.23\libraries\SoftwareSerial\src" -I"D:\sloeber_2019_esp32\arduinoPlugin\libraries\ArduinoJson\src" -I"D:\sloeber_2019_esp32\arduinoPlugin\libraries\Adafruit_Sensor\1.4.0" -MMD -MP -MF"core\core\wiring_analog.c.d" -MT"core\core\wiring_analog.c.o" -D__IN_ECLIPSE__=1 "D:\sloeber_2019_esp32\arduinoPlugin\packages\arduino\hardware\avr\1.6.23\cores\arduino\wiring_analog.c"  -o  "core\core\wiring_analog.c.o"
'Finished building: D:\sloeber_2019_esp32\arduinoPlugin\packages\arduino\hardware\avr\1.6.23\cores\arduino\wiring_analog.c'
' '
'Building file: D:\sloeber_2019_esp32\arduinoPlugin\packages\arduino\hardware\avr\1.6.23\cores\arduino\wiring_digital.c'
'Starting C compile'
"D:\sloeber_2019_esp32\arduinoPlugin\packages\arduino\tools\avr-gcc\5.4.0-atmel3.6.1-arduino2/bin/avr-gcc" -c -g -Os -Wall -Wextra -std=gnu11 -ffunction-sections -fdata-sections -MMD -flto -fno-fat-lto-objects -mmcu=atmega328p -DF_CPU=16000000L -DARDUINO=10802 -DARDUINO_AVR_NANO -DARDUINO_ARCH_AVR     -I"D:\sloeber_2019_esp32\arduinoPlugin\packages\arduino\hardware\avr\1.6.23\cores\arduino" -I"D:\sloeber_2019_esp32\arduinoPlugin\packages\arduino\hardware\avr\1.6.23\variants\eightanaloginputs" -I"D:\sloeber_2019_esp32\arduinoPlugin\libraries\DHT\1.4.0" -I"D:\sloeber_2019_esp32\arduinoPlugin\packages\arduino\hardware\avr\1.6.23\libraries\SoftwareSerial\src" -I"D:\sloeber_2019_esp32\arduinoPlugin\libraries\ArduinoJson\src" -I"D:\sloeber_2019_esp32\arduinoPlugin\libraries\Adafruit_Sensor\1.4.0" -MMD -MP -MF"core\core\wiring_digital.c.d" -MT"core\core\wiring_digital.c.o" -D__IN_ECLIPSE__=1 "D:\sloeber_2019_esp32\arduinoPlugin\packages\arduino\hardware\avr\1.6.23\cores\arduino\wiring_digital.c"  -o  "core\core\wiring_digital.c.o"
'Finished building: D:\sloeber_2019_esp32\arduinoPlugin\packages\arduino\hardware\avr\1.6.23\cores\arduino\wiring_digital.c'
' '
'Building file: D:\sloeber_2019_esp32\arduinoPlugin\packages\arduino\hardware\avr\1.6.23\cores\arduino\wiring_pulse.S'
'Starting S compile'
"D:\sloeber_2019_esp32\arduinoPlugin\packages\arduino\tools\avr-gcc\5.4.0-atmel3.6.1-arduino2/bin/avr-gcc" -c -g -x assembler-with-cpp -flto -MMD -mmcu=atmega328p -DF_CPU=16000000L -DARDUINO=10802 -DARDUINO_AVR_NANO -DARDUINO_ARCH_AVR     -I"D:\sloeber_2019_esp32\arduinoPlugin\packages\arduino\hardware\avr\1.6.23\cores\arduino" -I"D:\sloeber_2019_esp32\arduinoPlugin\packages\arduino\hardware\avr\1.6.23\variants\eightanaloginputs" -I"D:\sloeber_2019_esp32\arduinoPlugin\libraries\DHT\1.4.0" -I"D:\sloeber_2019_esp32\arduinoPlugin\packages\arduino\hardware\avr\1.6.23\libraries\SoftwareSerial\src" -I"D:\sloeber_2019_esp32\arduinoPlugin\libraries\ArduinoJson\src" -I"D:\sloeber_2019_esp32\arduinoPlugin\libraries\Adafruit_Sensor\1.4.0" -MMD -MP -MF"core\core\wiring_pulse.S.d" -MT"core\core\wiring_pulse.S.o"  "D:\sloeber_2019_esp32\arduinoPlugin\packages\arduino\hardware\avr\1.6.23\cores\arduino\wiring_pulse.S"  -o  "core\core\wiring_pulse.S.o"
'Finished building: D:\sloeber_2019_esp32\arduinoPlugin\packages\arduino\hardware\avr\1.6.23\cores\arduino\wiring_pulse.S'
' '
'Building file: D:\sloeber_2019_esp32\arduinoPlugin\packages\arduino\hardware\avr\1.6.23\cores\arduino\wiring_pulse.c'
'Starting C compile'
"D:\sloeber_2019_esp32\arduinoPlugin\packages\arduino\tools\avr-gcc\5.4.0-atmel3.6.1-arduino2/bin/avr-gcc" -c -g -Os -Wall -Wextra -std=gnu11 -ffunction-sections -fdata-sections -MMD -flto -fno-fat-lto-objects -mmcu=atmega328p -DF_CPU=16000000L -DARDUINO=10802 -DARDUINO_AVR_NANO -DARDUINO_ARCH_AVR     -I"D:\sloeber_2019_esp32\arduinoPlugin\packages\arduino\hardware\avr\1.6.23\cores\arduino" -I"D:\sloeber_2019_esp32\arduinoPlugin\packages\arduino\hardware\avr\1.6.23\variants\eightanaloginputs" -I"D:\sloeber_2019_esp32\arduinoPlugin\libraries\DHT\1.4.0" -I"D:\sloeber_2019_esp32\arduinoPlugin\packages\arduino\hardware\avr\1.6.23\libraries\SoftwareSerial\src" -I"D:\sloeber_2019_esp32\arduinoPlugin\libraries\ArduinoJson\src" -I"D:\sloeber_2019_esp32\arduinoPlugin\libraries\Adafruit_Sensor\1.4.0" -MMD -MP -MF"core\core\wiring_pulse.c.d" -MT"core\core\wiring_pulse.c.o" -D__IN_ECLIPSE__=1 "D:\sloeber_2019_esp32\arduinoPlugin\packages\arduino\hardware\avr\1.6.23\cores\arduino\wiring_pulse.c"  -o  "core\core\wiring_pulse.c.o"
'Finished building: D:\sloeber_2019_esp32\arduinoPlugin\packages\arduino\hardware\avr\1.6.23\cores\arduino\wiring_pulse.c'
' '
'Building file: D:\sloeber_2019_esp32\arduinoPlugin\packages\arduino\hardware\avr\1.6.23\cores\arduino\wiring_shift.c'
'Starting C compile'
"D:\sloeber_2019_esp32\arduinoPlugin\packages\arduino\tools\avr-gcc\5.4.0-atmel3.6.1-arduino2/bin/avr-gcc" -c -g -Os -Wall -Wextra -std=gnu11 -ffunction-sections -fdata-sections -MMD -flto -fno-fat-lto-objects -mmcu=atmega328p -DF_CPU=16000000L -DARDUINO=10802 -DARDUINO_AVR_NANO -DARDUINO_ARCH_AVR     -I"D:\sloeber_2019_esp32\arduinoPlugin\packages\arduino\hardware\avr\1.6.23\cores\arduino" -I"D:\sloeber_2019_esp32\arduinoPlugin\packages\arduino\hardware\avr\1.6.23\variants\eightanaloginputs" -I"D:\sloeber_2019_esp32\arduinoPlugin\libraries\DHT\1.4.0" -I"D:\sloeber_2019_esp32\arduinoPlugin\packages\arduino\hardware\avr\1.6.23\libraries\SoftwareSerial\src" -I"D:\sloeber_2019_esp32\arduinoPlugin\libraries\ArduinoJson\src" -I"D:\sloeber_2019_esp32\arduinoPlugin\libraries\Adafruit_Sensor\1.4.0" -MMD -MP -MF"core\core\wiring_shift.c.d" -MT"core\core\wiring_shift.c.o" -D__IN_ECLIPSE__=1 "D:\sloeber_2019_esp32\arduinoPlugin\packages\arduino\hardware\avr\1.6.23\cores\arduino\wiring_shift.c"  -o  "core\core\wiring_shift.c.o"
'Finished building: D:\sloeber_2019_esp32\arduinoPlugin\packages\arduino\hardware\avr\1.6.23\cores\arduino\wiring_shift.c'
' '
'Starting archiver'
"D:\sloeber_2019_esp32\arduinoPlugin\packages\arduino\tools\avr-gcc\5.4.0-atmel3.6.1-arduino2/bin/avr-gcc-ar" rcs     D:/sloeber_2019_esp32/miata_project/vdo_miata/Release/arduino.ar  .\core\core\CDC.cpp.o .\core\core\HardwareSerial.cpp.o .\core\core\HardwareSerial0.cpp.o .\core\core\HardwareSerial1.cpp.o .\core\core\HardwareSerial2.cpp.o .\core\core\HardwareSerial3.cpp.o .\core\core\IPAddress.cpp.o .\core\core\PluggableUSB.cpp.o .\core\core\Print.cpp.o .\core\core\Stream.cpp.o .\core\core\Tone.cpp.o .\core\core\USBCore.cpp.o .\core\core\WInterrupts.c.o .\core\core\WMath.cpp.o .\core\core\WString.cpp.o .\core\core\abi.cpp.o .\core\core\hooks.c.o .\core\core\main.cpp.o .\core\core\new.cpp.o .\core\core\wiring.c.o .\core\core\wiring_analog.c.o .\core\core\wiring_digital.c.o .\core\core\wiring_pulse.S.o .\core\core\wiring_pulse.c.o .\core\core\wiring_shift.c.o 
'Finished building: D:\sloeber_2019_esp32\miata_project\vdo_miata\Release\arduino.ar'
' '
'Starting combiner'
"D:\sloeber_2019_esp32\arduinoPlugin\packages\arduino\tools\avr-gcc\5.4.0-atmel3.6.1-arduino2/bin/avr-gcc" -Wall -Wextra -Os -g -flto -fuse-linker-plugin -Wl,--gc-sections -mmcu=atmega328p  -o "D:/sloeber_2019_esp32/miata_project/vdo_miata/Release/vdo_miata.elf"    .\main.cpp.o  .\libraries\SoftwareSerial\src\SoftwareSerial.cpp.o  .\libraries\DHT\DHT.cpp.o .\libraries\DHT\DHT_U.cpp.o  .\libraries\Adafruit_Sensor\Adafruit_Sensor.cpp.o    D:/sloeber_2019_esp32/miata_project/vdo_miata/Release/arduino.ar  "-LD:/sloeber_2019_esp32/miata_project/vdo_miata/Release" -lm
'Finished building: vdo_miata.elf'
' '
'Do all objcopy commands'
"D:\sloeber_2019_esp32\arduinoPlugin\packages\arduino\tools\avr-gcc\5.4.0-atmel3.6.1-arduino2/bin/avr-objcopy" -O ihex -j .eeprom --set-section-flags=.eeprom=alloc,load --no-change-warnings --change-section-lma .eeprom=0  "D:\sloeber_2019_esp32\miata_project\vdo_miata/Release/vdo_miata.elf" "D:\sloeber_2019_esp32\miata_project\vdo_miata/Release/vdo_miata.eep"
"D:\sloeber_2019_esp32\arduinoPlugin\packages\arduino\tools\avr-gcc\5.4.0-atmel3.6.1-arduino2/bin/avr-objcopy" -O ihex -R .eeprom  "D:\sloeber_2019_esp32\miata_project\vdo_miata/Release/vdo_miata.elf" "D:\sloeber_2019_esp32\miata_project\vdo_miata/Release/vdo_miata.hex"
'Finished building: vdo_miata.hex'
' '
'Building target: vdo_miata'
'Printing size:'
"D:\sloeber_2019_esp32\arduinoPlugin\packages\arduino\tools\avr-gcc\5.4.0-atmel3.6.1-arduino2/bin/avr-size" -A "D:/sloeber_2019_esp32/miata_project/vdo_miata/Release/vdo_miata.elf"
D:/sloeber_2019_esp32/miata_project/vdo_miata/Release/vdo_miata.elf  :
section                     size      addr
.data                        164   8388864
.text                       8442         0
.bss                         334   8389028
.comment                      17         0
.note.gnu.avr.deviceinfo      64         0
.debug_aranges               368         0
.debug_info                31192         0
.debug_abbrev               5880         0
.debug_line                10849         0
.debug_frame                1844         0
.debug_str                  8780         0
.debug_loc                 16475         0
.debug_ranges                760         0
Total                      85169


'Finished building target: vdo_miata'
' '

22:14:15 Build Finished. 0 errors, 2 warnings. (took 23s.990ms)

